U    debian/rules
U    pyjs/src/pyjs/builtin/pyjslib.py
U    pyjs/src/pyjs/translator.py
U    CHANGELOG
A    library/__safari__/pyjamas/Window.py
U    library/__mozilla__/pyjamas/DOM.py
U    library/pyjamas/Window.py
U    library/pyjamas/ui/ComplexPanel.py
U    library/pyjamas/chart/Point.py
U    library/pyjamas/chart/GChartWidgets.py
U    library/pyjamas/chart/AnnotationLocation.py
U    library/pyjamas/chart/Axis.py
U    library/pyjamas/chart/Symbol.py
U    library/pyjamas/chart/GChartUtil.py
U    library/pyjamas/chart/SymbolType.py
U    library/pyjamas/chart/GChart.py
A    library/pyjamas/chart/Double.py
U    library/pyjamas/chart/Annotation.py
U    library/pyjamas/chart/HovertextChunk.py
U    library/pyjamas/chart/Curve.py
U    doc/index.html
A    examples/gcharttestapp/GChartExample04.py
A    examples/gcharttestapp/TestGChart00.py
U    examples/gcharttestapp/GChartTestApp.py
A    examples/gcharttestapp/GChartExample06.py
A    examples/gcharttestapp/GChartExample07.py
U    examples/gcharttestapp/GChartExample00.py
A    examples/gcharttestapp/GChartExample00a.py
A    examples/gcharttestapp/GChartExample01.py
A    examples/gcharttestapp/GChartExample02.py
A    examples/gcharttestapp/GChartExample03.py
U    examples/gcharttestapp/GChartTestAppUtil.py
U    examples/libtest/BoolTest.py
U    examples/libtest/StringTest.py
U    examples/libtest/ClassTest.py
U    examples/libtest/FunctionTest.py
 U   .
Updated to revision 1506.
U    pyjs/src/pyjs/builtin/pyjslib.py
U    library/__browser__/pyjamas/Timer.py
U    library/__ie6__/pyjamas/DOM.py
U    library/__ie6__/pyjamas/ui/horizsplitpanel.py
U    library/__mozilla__/pyjamas/DOM.py
U    library/pyjamas/chart/GChartWidgets.py
U    library/pyjamas/chart/AnnotationLocation.py
U    library/pyjamas/chart/Axis.py
U    library/pyjamas/chart/SymbolType.py
U    library/pyjamas/chart/GChart.py
U    library/pyjamas/chart/Annotation.py
U    library/pyjamas/chart/HovertextChunk.py
U    library/pyjamas/chart/Curve.py
U    library/pyjamas/DOM.py
U    library/pyjamas/DeferredCommand.py
U    library/pyjamas/Timer.py
U    library/pyjamas/ui/vertsplitpanel.py
U    library/pyjamas/ui/horizsplitpanel.py
U    library/pyjamas/ui/MenuBar.py
U    pyjd/hula.py
U    examples/dynamictable/SchoolCalendarWidget.py
A    examples/gcharttestapp/GChartExample14.py
U    examples/gcharttestapp/GChartTestApp.py
A    examples/gcharttestapp/GChartExample24.py
A    examples/gcharttestapp/GChartExample17.py
U    examples/gcharttestapp/GChartExample02.py
U    examples/mail/Mail.py
Updated to revision 1534.
At revision 1534.
